Using pre-set license
Built from '2021.1/staging' branch; Version is '2021.1.18f1 (25bdc3efbc2d) revision 2473411'; Using compiler version '192528614'; Build Type 'Release'
OS: 'Windows 10 Pro; OS build 18363.1556; Version 1909; 64bit' Language: 'en' Physical Memory: 16269 MB
BatchMode: 1, IsHumanControllingUs: 0, StartBugReporterOnCrash: 0, Is64bit: 1, IsPro: 0

COMMAND LINE ARGUMENTS:
D:\Unity\2021.1.18f1\Editor\Unity.exe
-adb2
-batchMode
-noUpm
-name
AssetImportWorker0
-projectPath
C:/Users/Admin/Desktop/Projects/Unity/Andres_Suarez_SIdeScrollerProject/2d SideScroller
-logFile
Logs/AssetImportWorker0.log
-srvPort
1033
Successfully changed project path to: C:/Users/Admin/Desktop/Projects/Unity/Andres_Suarez_SIdeScrollerProject/2d SideScroller
C:/Users/Admin/Desktop/Projects/Unity/Andres_Suarez_SIdeScrollerProject/2d SideScroller
Using Asset Import Pipeline V2.
Refreshing native plugins compatible for Editor in 157.84 ms, found 4 plugins.
Preloading 0 native plugins for Editor in 0.00 ms.
Initialize engine version: 2021.1.18f1 (25bdc3efbc2d)
[Subsystems] Discovering subsystems at path D:/Unity/2021.1.18f1/Editor/Data/Resources/UnitySubsystems
[Subsystems] Discovering subsystems at path C:/Users/Admin/Desktop/Projects/Unity/Andres_Suarez_SIdeScrollerProject/2d SideScroller/Assets
GfxDevice: creating device client; threaded=0; jobified=0
Direct3D:
    Version:  Direct3D 11.0 [level 11.1]
    Renderer: Radeon(TM) RX 580 (ID=0x67df)
    Vendor:   ATI
    VRAM:     4075 MB
    Driver:   30.0.13025.5005
Initialize mono
Mono path[0] = 'D:/Unity/2021.1.18f1/Editor/Data/Managed'
Mono path[1] = 'D:/Unity/2021.1.18f1/Editor/Data/MonoBleedingEdge/lib/mono/unityjit'
Mono config path = 'D:/Unity/2021.1.18f1/Editor/Data/MonoBleedingEdge/etc'
Using monoOptions --debugger-agent=transport=dt_socket,embedding=1,server=y,suspend=n,address=127.0.0.1:56272
Begin MonoManager ReloadAssembly
Registering precompiled unity dll's ...
Register platform support module: D:/Unity/2021.1.18f1/Editor/Data/PlaybackEngines/WindowsStandaloneSupport/UnityEditor.WindowsStandalone.Extensions.dll
Registered in 0.002068 seconds.
Native extension for WindowsStandalone target not found
Refreshing native plugins compatible for Editor in 164.47 ms, found 4 plugins.
Preloading 0 native plugins for Editor in 0.00 ms.
Mono: successfully reloaded assembly
- Completed reload, in  1.748 seconds
Domain Reload Profiling:
	ReloadAssembly (1748ms)
		BeginReloadAssembly (83ms)
			ExecutionOrderSort (0ms)
			DisableScriptedObjects (0ms)
			BackupInstance (0ms)
			ReleaseScriptingObjects (0ms)
			CreateAndSetChildDomain (1ms)
		EndReloadAssembly (667ms)
			LoadAssemblies (80ms)
			RebuildTransferFunctionScriptingTraits (0ms)
			SetupTypeCache (219ms)
			ReleaseScriptCaches (0ms)
			RebuildScriptCaches (37ms)
			SetupLoadedEditorAssemblies (350ms)
				LogAssemblyErrors (0ms)
				InitializePlatformSupportModulesInManaged (8ms)
				SetLoadedEditorAssemblies (0ms)
				RefreshPlugins (165ms)
				BeforeProcessingInitializeOnLoad (2ms)
				ProcessInitializeOnLoadAttributes (133ms)
				ProcessInitializeOnLoadMethodAttributes (42ms)
				AfterProcessingInitializeOnLoad (0ms)
				EditorAssembliesLoaded (0ms)
			ExecutionOrderSort2 (0ms)
			AwakeInstancesAfterBackupRestoration (0ms)
Platform modules already initialized, skipping
Registering precompiled user dll's ...
Registered in 0.010771 seconds.
Begin MonoManager ReloadAssembly
Symbol file LoadedFromMemory doesn't match image C:\Users\Admin\Desktop\Projects\Unity\Andres_Suarez_SIdeScrollerProject\2d SideScroller\Library\PackageCache\com.unity.visualscripting@1.6.1\Editor\VisualScripting.Core\Dependencies\YamlDotNet\Unity.VisualScripting.YamlDotNet.dll
Symbol file LoadedFromMemory doesn't match image C:\Users\Admin\Desktop\Projects\Unity\Andres_Suarez_SIdeScrollerProject\2d SideScroller\Library\PackageCache\com.unity.visualscripting@1.6.1\Editor\VisualScripting.Core\Dependencies\DotNetZip\Unity.VisualScripting.IonicZip.dll
Native extension for WindowsStandalone target not found
Refreshing native plugins compatible for Editor in 161.62 ms, found 4 plugins.
Preloading 0 native plugins for Editor in 0.00 ms.
Mono: successfully reloaded assembly
- Completed reload, in  2.276 seconds
Domain Reload Profiling:
	ReloadAssembly (2276ms)
		BeginReloadAssembly (235ms)
			ExecutionOrderSort (0ms)
			DisableScriptedObjects (9ms)
			BackupInstance (0ms)
			ReleaseScriptingObjects (0ms)
			CreateAndSetChildDomain (29ms)
		EndReloadAssembly (1956ms)
			LoadAssemblies (144ms)
			RebuildTransferFunctionScriptingTraits (0ms)
			SetupTypeCache (520ms)
			ReleaseScriptCaches (1ms)
			RebuildScriptCaches (85ms)
			SetupLoadedEditorAssemblies (1070ms)
				LogAssemblyErrors (0ms)
				InitializePlatformSupportModulesInManaged (5ms)
				SetLoadedEditorAssemblies (0ms)
				RefreshPlugins (162ms)
				BeforeProcessingInitializeOnLoad (129ms)
				ProcessInitializeOnLoadAttributes (743ms)
				ProcessInitializeOnLoadMethodAttributes (23ms)
				AfterProcessingInitializeOnLoad (8ms)
				EditorAssembliesLoaded (0ms)
			ExecutionOrderSort2 (0ms)
			AwakeInstancesAfterBackupRestoration (10ms)
Platform modules already initialized, skipping
========================================================================
Worker process is ready to serve import requests
Launched and connected shader compiler UnityShaderCompiler.exe after 0.11 seconds
Refreshing native plugins compatible for Editor in 1.18 ms, found 4 plugins.
Preloading 0 native plugins for Editor in 0.00 ms.
Unloading 4283 Unused Serialized files (Serialized files now loaded: 0)
System memory in use before: 166.3 MB.
System memory in use after: 166.5 MB.

Unloading 175 unused Assets to reduce memory usage. Loaded Objects now: 4628.
Total: 6.013500 ms (FindLiveObjects: 0.423900 ms CreateObjectMapping: 0.151100 ms MarkObjects: 4.783400 ms  DeleteObjects: 0.653300 ms)

AssetImportParameters requested are different than current active one (requested -> active):
  custom:framework-win-MediaFoundation: 216162199b28c13a410421893ffa2e32 -> 
  custom:video-decoder-ogg-theora: a1e56fd34408186e4bbccfd4996cb3dc -> 
  custom:container-muxer-webm: aa71ff27fc2769a1b78a27578f13a17b -> 
  custom:container-demuxer-webm: 4f35f7cbe854078d1ac9338744f61a02 -> 
  custom:container-demuxer-ogg: 62fdf1f143b41e24485cea50d1cbac27 -> 
  custom:video-encoder-webm-vp8: eb34c28f22e8b96e1ab97ce403110664 -> 
  custom:video-decoder-webm-vp8: 9c59270c3fd7afecdb556c50c9e8de78 -> 
  custom:audio-decoder-ogg-vorbis: bf7c407c2cedff20999df2af8eb42d56 -> 
  custom:audio-encoder-webm-vorbis: bf7c407c2cedff20999df2af8eb42d56 -> 
========================================================================
Received Import Request.
  path: Assets/Mod Assets/2D Props
  artifactKey: Guid(fa3ae5aca08064ed88706b449b8c4547) Importer(815301076,1909f56bfc062723c751e8b465ee728b)
Start importing Assets/Mod Assets/2D Props using Guid(fa3ae5aca08064ed88706b449b8c4547) Importer(815301076,1909f56bfc062723c751e8b465ee728b)  -> (artifact id: 'f27243017e7ad5cc36ab66ca3e3fb9df') in 0.013444 seconds 
========================================================================
Received Import Request.
  Time since last request: 0.000344 seconds.
  path: Assets/Mod Assets/2D Props/Billboard Prefabs
  artifactKey: Guid(207992b1945014638867d2486792bd71) Importer(815301076,1909f56bfc062723c751e8b465ee728b)
Start importing Assets/Mod Assets/2D Props/Billboard Prefabs using Guid(207992b1945014638867d2486792bd71) Importer(815301076,1909f56bfc062723c751e8b465ee728b)  -> (artifact id: '06e4cea572bd5b912dd7967019c50aac') in 0.006130 seconds 
========================================================================
Received Import Request.
  Time since last request: 0.000346 seconds.
  path: Assets/Mod Assets/2D Props/Billboard Prefabs/BillboardBasic.prefab
  artifactKey: Guid(4091d26b994b6414cab06dc53284e1e9) Importer(815301076,1909f56bfc062723c751e8b465ee728b)
Start importing Assets/Mod Assets/2D Props/Billboard Prefabs/BillboardBasic.prefab using Guid(4091d26b994b6414cab06dc53284e1e9) Importer(815301076,1909f56bfc062723c751e8b465ee728b)  -> (artifact id: 'e8de7c62fa6d4659d5550dbb85f80818') in 0.140293 seconds 
========================================================================
Received Import Request.
  Time since last request: 75.384476 seconds.
  path: Assets/Mod Assets/2D Props/Billboard Prefabs/BillboardTall.prefab
  artifactKey: Guid(fe65a6c2ced93428d9720493d56c3177) Importer(815301076,1909f56bfc062723c751e8b465ee728b)
Start importing Assets/Mod Assets/2D Props/Billboard Prefabs/BillboardTall.prefab using Guid(fe65a6c2ced93428d9720493d56c3177) Importer(815301076,1909f56bfc062723c751e8b465ee728b)  -> (artifact id: '1a16cb372f41337d167cbcdb5e391f92') in 0.030524 seconds 
========================================================================
Received Import Request.
  Time since last request: 0.000358 seconds.
  path: Assets/Mod Assets/2D Props/Billboard Prefabs/BillboardWide.prefab
  artifactKey: Guid(6f5ec856a365844f480cf909c68da8f6) Importer(815301076,1909f56bfc062723c751e8b465ee728b)
Start importing Assets/Mod Assets/2D Props/Billboard Prefabs/BillboardWide.prefab using Guid(6f5ec856a365844f480cf909c68da8f6) Importer(815301076,1909f56bfc062723c751e8b465ee728b)  -> (artifact id: 'c3b6a359ac71dca3f887297d3df5a0f2') in 0.030329 seconds 
========================================================================
Received Prepare
Registering precompiled user dll's ...
Registered in 0.009886 seconds.
Begin MonoManager ReloadAssembly
Symbol file LoadedFromMemory doesn't match image C:\Users\Admin\Desktop\Projects\Unity\Andres_Suarez_SIdeScrollerProject\2d SideScroller\Library\PackageCache\com.unity.visualscripting@1.6.1\Editor\VisualScripting.Core\Dependencies\YamlDotNet\Unity.VisualScripting.YamlDotNet.dll
Symbol file LoadedFromMemory doesn't match image C:\Users\Admin\Desktop\Projects\Unity\Andres_Suarez_SIdeScrollerProject\2d SideScroller\Library\PackageCache\com.unity.visualscripting@1.6.1\Editor\VisualScripting.Core\Dependencies\DotNetZip\Unity.VisualScripting.IonicZip.dll
Native extension for WindowsStandalone target not found
Refreshing native plugins compatible for Editor in 1.25 ms, found 4 plugins.
Preloading 0 native plugins for Editor in 0.00 ms.
Mono: successfully reloaded assembly
- Completed reload, in  2.054 seconds
Domain Reload Profiling:
	ReloadAssembly (2055ms)
		BeginReloadAssembly (177ms)
			ExecutionOrderSort (0ms)
			DisableScriptedObjects (8ms)
			BackupInstance (0ms)
			ReleaseScriptingObjects (0ms)
			CreateAndSetChildDomain (61ms)
		EndReloadAssembly (1780ms)
			LoadAssemblies (148ms)
			RebuildTransferFunctionScriptingTraits (0ms)
			SetupTypeCache (559ms)
			ReleaseScriptCaches (2ms)
			RebuildScriptCaches (84ms)
			SetupLoadedEditorAssemblies (842ms)
				LogAssemblyErrors (0ms)
				InitializePlatformSupportModulesInManaged (7ms)
				SetLoadedEditorAssemblies (1ms)
				RefreshPlugins (1ms)
				BeforeProcessingInitializeOnLoad (99ms)
				ProcessInitializeOnLoadAttributes (714ms)
				ProcessInitializeOnLoadMethodAttributes (12ms)
				AfterProcessingInitializeOnLoad (8ms)
				EditorAssembliesLoaded (0ms)
			ExecutionOrderSort2 (0ms)
			AwakeInstancesAfterBackupRestoration (16ms)
Platform modules already initialized, skipping
Refreshing native plugins compatible for Editor in 1.12 ms, found 4 plugins.
Preloading 0 native plugins for Editor in 0.00 ms.
Unloading 4231 Unused Serialized files (Serialized files now loaded: 0)
System memory in use before: 167.4 MB.
System memory in use after: 167.6 MB.

Unloading 163 unused Assets to reduce memory usage. Loaded Objects now: 4639.
Total: 5.689300 ms (FindLiveObjects: 0.453200 ms CreateObjectMapping: 0.150700 ms MarkObjects: 4.544000 ms  DeleteObjects: 0.539500 ms)

AssetImportParameters requested are different than current active one (requested -> active):
  custom:framework-win-MediaFoundation: 216162199b28c13a410421893ffa2e32 -> 
  custom:video-decoder-ogg-theora: a1e56fd34408186e4bbccfd4996cb3dc -> 
  custom:container-muxer-webm: aa71ff27fc2769a1b78a27578f13a17b -> 
  custom:container-demuxer-webm: 4f35f7cbe854078d1ac9338744f61a02 -> 
  custom:container-demuxer-ogg: 62fdf1f143b41e24485cea50d1cbac27 -> 
  custom:video-encoder-webm-vp8: eb34c28f22e8b96e1ab97ce403110664 -> 
  custom:video-decoder-webm-vp8: 9c59270c3fd7afecdb556c50c9e8de78 -> 
  custom:audio-decoder-ogg-vorbis: bf7c407c2cedff20999df2af8eb42d56 -> 
  custom:audio-encoder-webm-vorbis: bf7c407c2cedff20999df2af8eb42d56 -> 
========================================================================
Received Import Request.
  Time since last request: 191.595743 seconds.
  path: Assets
  artifactKey: Guid(00000000000000001000000000000000) Importer(815301076,1909f56bfc062723c751e8b465ee728b)
Start importing Assets using Guid(00000000000000001000000000000000) Importer(815301076,1909f56bfc062723c751e8b465ee728b)  -> (artifact id: '42d402b061de3733987d63b9cc3b64de') in 0.014852 seconds 
========================================================================
Received Import Request.
  Time since last request: 16.428565 seconds.
  path: Assets/MyAssets
  artifactKey: Guid(b46ab201fb87e3847976c96596117e83) Importer(815301076,1909f56bfc062723c751e8b465ee728b)
Start importing Assets/MyAssets using Guid(b46ab201fb87e3847976c96596117e83) Importer(815301076,1909f56bfc062723c751e8b465ee728b)  -> (artifact id: 'c2d7a3cc4c981b6015a26d579d785f24') in 0.006905 seconds 
========================================================================
Received Import Request.
  Time since last request: 3.143872 seconds.
  path: Assets/MyAssets/244044139_4682874715106321_4940409440632237142_n.jpg
  artifactKey: Guid(6d49c011c4170194f809d6a1440ca30a) Importer(815301076,1909f56bfc062723c751e8b465ee728b)
Start importing Assets/MyAssets/244044139_4682874715106321_4940409440632237142_n.jpg using Guid(6d49c011c4170194f809d6a1440ca30a) Importer(815301076,1909f56bfc062723c751e8b465ee728b)  -> (artifact id: 'a4ee6f6c1d4ba348ec452016b4cf323c') in 0.162688 seconds 
========================================================================
Received Import Request.
  Time since last request: 18.320245 seconds.
  path: Assets/MyAssets/Guardianof Multiverse.jpg
  artifactKey: Guid(6d49c011c4170194f809d6a1440ca30a) Importer(815301076,1909f56bfc062723c751e8b465ee728b)
Start importing Assets/MyAssets/Guardianof Multiverse.jpg using Guid(6d49c011c4170194f809d6a1440ca30a) Importer(815301076,1909f56bfc062723c751e8b465ee728b)  -> (artifact id: 'ef349ed293b40069e09c2209b71f274a') in 0.029584 seconds 
========================================================================
Received Import Request.
  Time since last request: 9.893109 seconds.
  path: Assets/Mod Assets/Mod Resources/Textures/billboard_2D_basic.png
  artifactKey: Guid(6448011b459a14b05969ad3bf1a44890) Importer(815301076,1909f56bfc062723c751e8b465ee728b)
Start importing Assets/Mod Assets/Mod Resources/Textures/billboard_2D_basic.png using Guid(6448011b459a14b05969ad3bf1a44890) Importer(815301076,1909f56bfc062723c751e8b465ee728b)  -> (artifact id: '4d2ed329c461e77c5a677bea8e9097c4') in 0.025483 seconds 
========================================================================
Received Import Request.
  Time since last request: 0.000326 seconds.
  path: Assets/Mod Assets/Mod Resources/Textures/billboard_2D_basic_mask.png
  artifactKey: Guid(ddff50e8139db4a99976adb5f40c79f0) Importer(815301076,1909f56bfc062723c751e8b465ee728b)
Start importing Assets/Mod Assets/Mod Resources/Textures/billboard_2D_basic_mask.png using Guid(ddff50e8139db4a99976adb5f40c79f0) Importer(815301076,1909f56bfc062723c751e8b465ee728b)  -> (artifact id: '51974d306c7e48baed90b820e1889f4c') in 0.021385 seconds 
========================================================================
Received Import Request.
  Time since last request: 0.000316 seconds.
  path: Assets/Mod Assets/Mod Resources/Textures/billboard_2D_tall_mask.png
  artifactKey: Guid(bbe8d33a81a0549ce8ab1cee4aa7db2a) Importer(815301076,1909f56bfc062723c751e8b465ee728b)
Start importing Assets/Mod Assets/Mod Resources/Textures/billboard_2D_tall_mask.png using Guid(bbe8d33a81a0549ce8ab1cee4aa7db2a) Importer(815301076,1909f56bfc062723c751e8b465ee728b)  -> (artifact id: '588869a6e32f3bb00776f15e65111079') in 0.022445 seconds 
========================================================================
Received Import Request.
  Time since last request: 0.000358 seconds.
  path: Assets/Mod Assets/Mod Resources/Textures/rainbowtexture.png
  artifactKey: Guid(1b6d33a625dab47a48c2b062e2ce39bc) Importer(815301076,1909f56bfc062723c751e8b465ee728b)
Start importing Assets/Mod Assets/Mod Resources/Textures/rainbowtexture.png using Guid(1b6d33a625dab47a48c2b062e2ce39bc) Importer(815301076,1909f56bfc062723c751e8b465ee728b)  -> (artifact id: 'bee206c5535abad96279a80c3352ebda') in 0.021787 seconds 
========================================================================
Received Import Request.
  Time since last request: 0.000401 seconds.
  path: Assets/Mod Assets/Mod Resources/Textures/billboard_2D_tall.png
  artifactKey: Guid(50b2c32ff3de94988a61633cb19060de) Importer(815301076,1909f56bfc062723c751e8b465ee728b)
Start importing Assets/Mod Assets/Mod Resources/Textures/billboard_2D_tall.png using Guid(50b2c32ff3de94988a61633cb19060de) Importer(815301076,1909f56bfc062723c751e8b465ee728b)  -> (artifact id: '3527a1298e2c5605c26efd551d9f7efb') in 0.020714 seconds 
========================================================================
Received Import Request.
  Time since last request: 0.000333 seconds.
  path: Assets/Mod Assets/Mod Resources/Textures/billboard_2D_wide_mask.png
  artifactKey: Guid(d88311d2ea92740ed9e0274f02825ccf) Importer(815301076,1909f56bfc062723c751e8b465ee728b)
Start importing Assets/Mod Assets/Mod Resources/Textures/billboard_2D_wide_mask.png using Guid(d88311d2ea92740ed9e0274f02825ccf) Importer(815301076,1909f56bfc062723c751e8b465ee728b)  -> (artifact id: '8533cd25ae644992790b4942c77bfba7') in 0.020071 seconds 
========================================================================
Received Import Request.
  Time since last request: 0.000373 seconds.
  path: Assets/Mod Assets/Mod Resources/Textures/billboard_2D_wide.png
  artifactKey: Guid(3142e986a20354e5c9b3394e5ff7ae12) Importer(815301076,1909f56bfc062723c751e8b465ee728b)
Start importing Assets/Mod Assets/Mod Resources/Textures/billboard_2D_wide.png using Guid(3142e986a20354e5c9b3394e5ff7ae12) Importer(815301076,1909f56bfc062723c751e8b465ee728b)  -> (artifact id: '08aa93aee90390ff3e7965b80a9588ec') in 0.023633 seconds 
========================================================================
Received Import Request.
  Time since last request: 1.546914 seconds.
  path: Assets/Mod Assets/Mod Resources/Sprites/Props/Archway.png
  artifactKey: Guid(12a73f1b3e53f3840b64c010d57df085) Importer(815301076,1909f56bfc062723c751e8b465ee728b)
Start importing Assets/Mod Assets/Mod Resources/Sprites/Props/Archway.png using Guid(12a73f1b3e53f3840b64c010d57df085) Importer(815301076,1909f56bfc062723c751e8b465ee728b)  -> (artifact id: '3acab1aace90707e856a2fd4908e7e5b') in 0.029153 seconds 
========================================================================
Received Import Request.
  Time since last request: 0.000370 seconds.
  path: Assets/Mod Assets/Environment Sprites Colored/Brown/cloud_brown.png
  artifactKey: Guid(aceab528aad394768a4d9a61af903866) Importer(815301076,1909f56bfc062723c751e8b465ee728b)
Start importing Assets/Mod Assets/Environment Sprites Colored/Brown/cloud_brown.png using Guid(aceab528aad394768a4d9a61af903866) Importer(815301076,1909f56bfc062723c751e8b465ee728b)  -> (artifact id: 'c904446e24618b2214a2e89e66351dac') in 0.024891 seconds 
========================================================================
Received Import Request.
  Time since last request: 0.000338 seconds.
  path: Assets/Mod Assets/Environment Sprites Colored/Green/cloud_green.png
  artifactKey: Guid(71c5e9964206940808fecdd46305095f) Importer(815301076,1909f56bfc062723c751e8b465ee728b)
Start importing Assets/Mod Assets/Environment Sprites Colored/Green/cloud_green.png using Guid(71c5e9964206940808fecdd46305095f) Importer(815301076,1909f56bfc062723c751e8b465ee728b)  -> (artifact id: '38ef6a3c7e69c41df3fb7e61c93104db') in 0.022213 seconds 
========================================================================
Received Import Request.
  Time since last request: 0.000354 seconds.
  path: Assets/Mod Assets/Mod Resources/Sprites/Props/Cactus.png
  artifactKey: Guid(b7ff7f09da7a80a46925316eb5939a98) Importer(815301076,1909f56bfc062723c751e8b465ee728b)
Start importing Assets/Mod Assets/Mod Resources/Sprites/Props/Cactus.png using Guid(b7ff7f09da7a80a46925316eb5939a98) Importer(815301076,1909f56bfc062723c751e8b465ee728b)  -> (artifact id: '9ed6c422d64aaf2aa3488a952a791c97') in 0.025348 seconds 
========================================================================
Received Import Request.
  Time since last request: 0.000336 seconds.
  path: Assets/Mod Assets/Environment Sprites Colored/Magenta/cloud_pink.png
  artifactKey: Guid(f657018234fcb43259e0a2a48254119a) Importer(815301076,1909f56bfc062723c751e8b465ee728b)
Start importing Assets/Mod Assets/Environment Sprites Colored/Magenta/cloud_pink.png using Guid(f657018234fcb43259e0a2a48254119a) Importer(815301076,1909f56bfc062723c751e8b465ee728b)  -> (artifact id: 'b64261d7c88d7d1d9e84d04ddbca16a2') in 0.023549 seconds 
========================================================================
Received Import Request.
  Time since last request: 0.000345 seconds.
  path: Assets/Mod Assets/Mod Resources/Sprites/Props/Asteroid.png
  artifactKey: Guid(2c770ab2ac73b5a4abec3a9d6b016e44) Importer(815301076,1909f56bfc062723c751e8b465ee728b)
Start importing Assets/Mod Assets/Mod Resources/Sprites/Props/Asteroid.png using Guid(2c770ab2ac73b5a4abec3a9d6b016e44) Importer(815301076,1909f56bfc062723c751e8b465ee728b)  -> (artifact id: '84a2d6cc79908bfef511eba65f751f30') in 0.028166 seconds 
========================================================================
Received Import Request.
  Time since last request: 0.000445 seconds.
  path: Assets/Mod Assets/Environment Sprites Colored/Gold/cloud_yellow.png
  artifactKey: Guid(2dd0df57bd14741b5a32f78ba307976a) Importer(815301076,1909f56bfc062723c751e8b465ee728b)
Start importing Assets/Mod Assets/Environment Sprites Colored/Gold/cloud_yellow.png using Guid(2dd0df57bd14741b5a32f78ba307976a) Importer(815301076,1909f56bfc062723c751e8b465ee728b)  -> (artifact id: 'd6acf4f01ca4e16fb07d60f5ea0fc5fe') in 0.024547 seconds 
========================================================================
Received Import Request.
  Time since last request: 0.000370 seconds.
  path: Assets/Mod Assets/Mod Resources/Sprites/Props/ChoppedTree.png
  artifactKey: Guid(858b64a97b2cfb14a88d8ec28eab1b0b) Importer(815301076,1909f56bfc062723c751e8b465ee728b)
Start importing Assets/Mod Assets/Mod Resources/Sprites/Props/ChoppedTree.png using Guid(858b64a97b2cfb14a88d8ec28eab1b0b) Importer(815301076,1909f56bfc062723c751e8b465ee728b)  -> (artifact id: 'b7494f5a41de035f3c6ff4938675cabe') in 0.033701 seconds 
========================================================================
Received Import Request.
  Time since last request: 0.000354 seconds.
  path: Assets/Character/Sprites/TokenCollected.png
  artifactKey: Guid(d7f3ba40c95624407a79329e1af8b953) Importer(815301076,1909f56bfc062723c751e8b465ee728b)
Start importing Assets/Character/Sprites/TokenCollected.png using Guid(d7f3ba40c95624407a79329e1af8b953) Importer(815301076,1909f56bfc062723c751e8b465ee728b)  -> (artifact id: '3cb4374aa182e107e7f229ff06483521') in 0.044491 seconds 
========================================================================
Received Import Request.
  Time since last request: 0.000348 seconds.
  path: Assets/Environment/Sprites/cloud.png
  artifactKey: Guid(510116f768c743e41b41ed30a8bdbc29) Importer(815301076,1909f56bfc062723c751e8b465ee728b)
Start importing Assets/Environment/Sprites/cloud.png using Guid(510116f768c743e41b41ed30a8bdbc29) Importer(815301076,1909f56bfc062723c751e8b465ee728b)  -> (artifact id: '22282529c45a8d31a0d7aebe52af766c') in 0.018687 seconds 
========================================================================
Received Import Request.
  Time since last request: 0.000333 seconds.
  path: Assets/Environment/Tiles/cloud.png
  artifactKey: Guid(700b598ed9c16475f833dc3f8a848ba7) Importer(815301076,1909f56bfc062723c751e8b465ee728b)
Start importing Assets/Environment/Tiles/cloud.png using Guid(700b598ed9c16475f833dc3f8a848ba7) Importer(815301076,1909f56bfc062723c751e8b465ee728b)  -> (artifact id: '7d45f32d3d523e23e7649e031d4fd873') in 0.018780 seconds 
========================================================================
Received Import Request.
  Time since last request: 0.000334 seconds.
  path: Assets/Mod Assets/Environment Sprites Colored/Teal/cloud_teal.png
  artifactKey: Guid(30efd09d063374386920ef39a98be3a5) Importer(815301076,1909f56bfc062723c751e8b465ee728b)
Start importing Assets/Mod Assets/Environment Sprites Colored/Teal/cloud_teal.png using Guid(30efd09d063374386920ef39a98be3a5) Importer(815301076,1909f56bfc062723c751e8b465ee728b)  -> (artifact id: '6b624081f9354f87bb6de590223ebac1') in 0.022988 seconds 
========================================================================
Received Import Request.
  Time since last request: 118.617597 seconds.
  path: Assets/Mod Assets/Mod Resources/Sprites/Props/Donut.png
  artifactKey: Guid(a1bf4e2cf90377341939f7e1d9a27d95) Importer(815301076,1909f56bfc062723c751e8b465ee728b)
Start importing Assets/Mod Assets/Mod Resources/Sprites/Props/Donut.png using Guid(a1bf4e2cf90377341939f7e1d9a27d95) Importer(815301076,1909f56bfc062723c751e8b465ee728b)  -> (artifact id: '13f7cbb1402fb1a9694476985df17ec4') in 0.031280 seconds 
========================================================================
Received Import Request.
  Time since last request: 0.000310 seconds.
  path: Assets/Environment/Tiles/house.png
  artifactKey: Guid(8021a483bbfee4494bb11f0cf1bb90bf) Importer(815301076,1909f56bfc062723c751e8b465ee728b)
Start importing Assets/Environment/Tiles/house.png using Guid(8021a483bbfee4494bb11f0cf1bb90bf) Importer(815301076,1909f56bfc062723c751e8b465ee728b)  -> (artifact id: '72ccbb2995b7e30808e67e6b2e633043') in 0.031730 seconds 
========================================================================
Received Import Request.
  Time since last request: 0.000354 seconds.
  path: Assets/Mod Assets/Mod Resources/Sprites/Props/FirTree.png
  artifactKey: Guid(2570439c15d6200449de9cfa036c3de4) Importer(815301076,1909f56bfc062723c751e8b465ee728b)
Start importing Assets/Mod Assets/Mod Resources/Sprites/Props/FirTree.png using Guid(2570439c15d6200449de9cfa036c3de4) Importer(815301076,1909f56bfc062723c751e8b465ee728b)  -> (artifact id: '7670052b43a13a54905aa0ab3983c123') in 0.027357 seconds 
========================================================================
Received Import Request.
  Time since last request: 0.000367 seconds.
  path: Assets/Mod Assets/Mod Resources/Sprites/Props/FlowerBush.png
  artifactKey: Guid(08c34382de48b3a4cbaf28f4fc303dda) Importer(815301076,1909f56bfc062723c751e8b465ee728b)
Start importing Assets/Mod Assets/Mod Resources/Sprites/Props/FlowerBush.png using Guid(08c34382de48b3a4cbaf28f4fc303dda) Importer(815301076,1909f56bfc062723c751e8b465ee728b)  -> (artifact id: 'fa132a15b32678bfe75f4c3f70293037') in 0.026486 seconds 
========================================================================
Received Import Request.
  Time since last request: 0.000367 seconds.
  path: Assets/Mod Assets/Environment Sprites Colored/Gold/hillside_yellow.png
  artifactKey: Guid(63837c03a5ce14ab6a838538b34e2cbc) Importer(815301076,1909f56bfc062723c751e8b465ee728b)
Start importing Assets/Mod Assets/Environment Sprites Colored/Gold/hillside_yellow.png using Guid(63837c03a5ce14ab6a838538b34e2cbc) Importer(815301076,1909f56bfc062723c751e8b465ee728b)  -> (artifact id: '7d88a28f26a0bd7fba4737fa417320c0') in 0.030131 seconds 
========================================================================
Received Import Request.
  Time since last request: 0.000518 seconds.
  path: Assets/Mod Assets/Environment Sprites Colored/Magenta/house_pink.png
  artifactKey: Guid(fb6453d108bac4352b9141f271418199) Importer(815301076,1909f56bfc062723c751e8b465ee728b)
Start importing Assets/Mod Assets/Environment Sprites Colored/Magenta/house_pink.png using Guid(fb6453d108bac4352b9141f271418199) Importer(815301076,1909f56bfc062723c751e8b465ee728b)  -> (artifact id: '2bdd3c2eef8d35cebb6a882e094ce432') in 0.030791 seconds 
========================================================================
Received Import Request.
  Time since last request: 0.000343 seconds.
  path: Assets/Mod Assets/Environment Sprites Colored/Magenta/fence_pink.png
  artifactKey: Guid(3992f564c616645b0aa6d00135510fdc) Importer(815301076,1909f56bfc062723c751e8b465ee728b)
Start importing Assets/Mod Assets/Environment Sprites Colored/Magenta/fence_pink.png using Guid(3992f564c616645b0aa6d00135510fdc) Importer(815301076,1909f56bfc062723c751e8b465ee728b)  -> (artifact id: '0c4133593d26e804a14800bab08a3715') in 0.023803 seconds 
========================================================================
Received Import Request.
  Time since last request: 0.000477 seconds.
  path: Assets/Mod Assets/Environment Sprites Colored/Green/fence_green.png
  artifactKey: Guid(0feaea75575634319bbb7906ba4f6fb2) Importer(815301076,1909f56bfc062723c751e8b465ee728b)
Start importing Assets/Mod Assets/Environment Sprites Colored/Green/fence_green.png using Guid(0feaea75575634319bbb7906ba4f6fb2) Importer(815301076,1909f56bfc062723c751e8b465ee728b)  -> (artifact id: '7b8f5bbc2277ac0aa28601987565272d') in 0.022561 seconds 
========================================================================
Received Import Request.
  Time since last request: 0.000411 seconds.
  path: Assets/Mod Assets/Environment Sprites Colored/Gold/fence_yellow.png
  artifactKey: Guid(c3a509627b36e426897fff62e8c1f553) Importer(815301076,1909f56bfc062723c751e8b465ee728b)
Start importing Assets/Mod Assets/Environment Sprites Colored/Gold/fence_yellow.png using Guid(c3a509627b36e426897fff62e8c1f553) Importer(815301076,1909f56bfc062723c751e8b465ee728b)  -> (artifact id: 'b98d6d3df594cc6c22014d4c93804dc6') in 0.023231 seconds 
========================================================================
Received Import Request.
  Time since last request: 0.000396 seconds.
  path: Assets/Mod Assets/Environment Sprites Colored/Teal/fence_teal.png
  artifactKey: Guid(c0a53364920574b8d8576c49ca4a240e) Importer(815301076,1909f56bfc062723c751e8b465ee728b)
Start importing Assets/Mod Assets/Environment Sprites Colored/Teal/fence_teal.png using Guid(c0a53364920574b8d8576c49ca4a240e) Importer(815301076,1909f56bfc062723c751e8b465ee728b)  -> (artifact id: '941ac5e2020dc5cfec04bf363a4dd194') in 0.021312 seconds 
========================================================================
Received Import Request.
  Time since last request: 0.000385 seconds.
  path: Assets/Environment/Sprites/hillside.png
  artifactKey: Guid(6484ca7da7c3c4b4f81cadedb9b18e9b) Importer(815301076,1909f56bfc062723c751e8b465ee728b)
Start importing Assets/Environment/Sprites/hillside.png using Guid(6484ca7da7c3c4b4f81cadedb9b18e9b) Importer(815301076,1909f56bfc062723c751e8b465ee728b)  -> (artifact id: '350eca9a1b92f0193ac17eb386152888') in 0.018202 seconds 
========================================================================
Received Import Request.
  Time since last request: 0.000396 seconds.
  path: Assets/Mod Assets/Environment Sprites Colored/Brown/fence_brown.png
  artifactKey: Guid(0d92e8a89df6b4e80a4182cd76ec42b1) Importer(815301076,1909f56bfc062723c751e8b465ee728b)
Start importing Assets/Mod Assets/Environment Sprites Colored/Brown/fence_brown.png using Guid(0d92e8a89df6b4e80a4182cd76ec42b1) Importer(815301076,1909f56bfc062723c751e8b465ee728b)  -> (artifact id: 'dcabfbfac18051118dc91cdcd382806d') in 0.023986 seconds 
========================================================================
Received Import Request.
  Time since last request: 0.000362 seconds.
  path: Assets/Environment/Tiles/fence.png
  artifactKey: Guid(1d6ac65bd350c4ac98b48f1045728a88) Importer(815301076,1909f56bfc062723c751e8b465ee728b)
Start importing Assets/Environment/Tiles/fence.png using Guid(1d6ac65bd350c4ac98b48f1045728a88) Importer(815301076,1909f56bfc062723c751e8b465ee728b)  -> (artifact id: 'd99600d0ebd7910ca089a063ee9badf9') in 0.023177 seconds 
========================================================================
Received Import Request.
  Time since last request: 0.000398 seconds.
  path: Assets/Environment/Tiles/hillside.png
  artifactKey: Guid(38c40ae98d664442db21ae817074aae2) Importer(815301076,1909f56bfc062723c751e8b465ee728b)
Start importing Assets/Environment/Tiles/hillside.png using Guid(38c40ae98d664442db21ae817074aae2) Importer(815301076,1909f56bfc062723c751e8b465ee728b)  -> (artifact id: 'c58d8d06bed5f764d7f9cf9e1452e1c3') in 0.020320 seconds 
========================================================================
Received Import Request.
  Time since last request: 0.000370 seconds.
  path: Assets/Mod Assets/Environment Sprites Colored/Green/hillside_green.png
  artifactKey: Guid(4de75785c053949ff8c34bc65822f342) Importer(815301076,1909f56bfc062723c751e8b465ee728b)
Start importing Assets/Mod Assets/Environment Sprites Colored/Green/hillside_green.png using Guid(4de75785c053949ff8c34bc65822f342) Importer(815301076,1909f56bfc062723c751e8b465ee728b)  -> (artifact id: '7d16c96ac96ff9f3cdb0adee32da6e99') in 0.024455 seconds 
========================================================================
Received Import Request.
  Time since last request: 0.000378 seconds.
  path: Assets/Mod Assets/Environment Sprites Colored/Green/house_green.png
  artifactKey: Guid(9691843fa5b754494a1163a8c830ee90) Importer(815301076,1909f56bfc062723c751e8b465ee728b)
Start importing Assets/Mod Assets/Environment Sprites Colored/Green/house_green.png using Guid(9691843fa5b754494a1163a8c830ee90) Importer(815301076,1909f56bfc062723c751e8b465ee728b)  -> (artifact id: '4baf23a5fb3bfa75cef3fc12e532606c') in 0.029956 seconds 
========================================================================
Received Import Request.
  Time since last request: 0.000381 seconds.
  path: Assets/Mod Assets/Environment Sprites Colored/Magenta/hillside_pink.png
  artifactKey: Guid(8c5960356574a4430bc416af3953f026) Importer(815301076,1909f56bfc062723c751e8b465ee728b)
Start importing Assets/Mod Assets/Environment Sprites Colored/Magenta/hillside_pink.png using Guid(8c5960356574a4430bc416af3953f026) Importer(815301076,1909f56bfc062723c751e8b465ee728b)  -> (artifact id: '403716ca4a1da797f91b2309a5d9c1dc') in 0.024807 seconds 
========================================================================
Received Import Request.
  Time since last request: 0.000372 seconds.
  path: Assets/Mod Assets/Environment Sprites Colored/Teal/house_teal.png
  artifactKey: Guid(d27278d86041f401ab6616169e26e41e) Importer(815301076,1909f56bfc062723c751e8b465ee728b)
Start importing Assets/Mod Assets/Environment Sprites Colored/Teal/house_teal.png using Guid(d27278d86041f401ab6616169e26e41e) Importer(815301076,1909f56bfc062723c751e8b465ee728b)  -> (artifact id: '04284be33c59735d458363fcd42c3a35') in 0.028468 seconds 
========================================================================
Received Import Request.
  Time since last request: 0.000419 seconds.
  path: Assets/Mod Assets/Environment Sprites Colored/Teal/hillside_teal.png
  artifactKey: Guid(5abe6d0123d70409c9d25171486aa7a6) Importer(815301076,1909f56bfc062723c751e8b465ee728b)
Start importing Assets/Mod Assets/Environment Sprites Colored/Teal/hillside_teal.png using Guid(5abe6d0123d70409c9d25171486aa7a6) Importer(815301076,1909f56bfc062723c751e8b465ee728b)  -> (artifact id: '9cda8cd7c60f05a037a60d5afab174c6') in 0.024162 seconds 
========================================================================
Received Import Request.
  Time since last request: 0.000403 seconds.
  path: Assets/Mod Assets/Mod Resources/Sprites/Props/GummyBear.png
  artifactKey: Guid(d79ebbb6697af13408f60aed54e4a095) Importer(815301076,1909f56bfc062723c751e8b465ee728b)
Start importing Assets/Mod Assets/Mod Resources/Sprites/Props/GummyBear.png using Guid(d79ebbb6697af13408f60aed54e4a095) Importer(815301076,1909f56bfc062723c751e8b465ee728b)  -> (artifact id: '9eea1e13c36d1f50ac4693ed89781607') in 0.025509 seconds 
========================================================================
Received Import Request.
  Time since last request: 0.000348 seconds.
  path: Assets/Environment/Sprites/house.png
  artifactKey: Guid(94e3ad24efa41394381384e2f14d15a2) Importer(815301076,1909f56bfc062723c751e8b465ee728b)
Start importing Assets/Environment/Sprites/house.png using Guid(94e3ad24efa41394381384e2f14d15a2) Importer(815301076,1909f56bfc062723c751e8b465ee728b)  -> (artifact id: 'd70b5f2cccd4680d0384b7df55805217') in 0.016494 seconds 
========================================================================
Received Import Request.
  Time since last request: 0.000374 seconds.
  path: Assets/Mod Assets/Environment Sprites Colored/Brown/hillside_brown.png
  artifactKey: Guid(d454f1c422c1245d3ac120bdba60a264) Importer(815301076,1909f56bfc062723c751e8b465ee728b)
Start importing Assets/Mod Assets/Environment Sprites Colored/Brown/hillside_brown.png using Guid(d454f1c422c1245d3ac120bdba60a264) Importer(815301076,1909f56bfc062723c751e8b465ee728b)  -> (artifact id: 'f018fcfd0421498f9ffd3b32743d4326') in 0.023808 seconds 
========================================================================
Received Import Request.
  Time since last request: 0.000331 seconds.
  path: Assets/Environment/Sprites/fence.png
  artifactKey: Guid(5923f7e825e7cd44f9ae0017f0f1f139) Importer(815301076,1909f56bfc062723c751e8b465ee728b)
Start importing Assets/Environment/Sprites/fence.png using Guid(5923f7e825e7cd44f9ae0017f0f1f139) Importer(815301076,1909f56bfc062723c751e8b465ee728b)  -> (artifact id: 'ea14bb027656b1f3f7bcfb45879f7bb0') in 0.017241 seconds 
========================================================================
Received Import Request.
  Time since last request: 0.000347 seconds.
  path: Assets/Mod Assets/Environment Sprites Colored/Brown/house_brown.png
  artifactKey: Guid(b81846ef5cfe344758af2068c1886e06) Importer(815301076,1909f56bfc062723c751e8b465ee728b)
Start importing Assets/Mod Assets/Environment Sprites Colored/Brown/house_brown.png using Guid(b81846ef5cfe344758af2068c1886e06) Importer(815301076,1909f56bfc062723c751e8b465ee728b)  -> (artifact id: '811850f6719635003a9e858906efc0b4') in 0.029492 seconds 
========================================================================
Received Import Request.
  Time since last request: 235.018085 seconds.
  path: Assets/MyAssets/RT_300EssentialMovies_700X250.jpg
  artifactKey: Guid(7e7ebfc9fedbab043985bf0c3ca5c163) Importer(815301076,1909f56bfc062723c751e8b465ee728b)
Start importing Assets/MyAssets/RT_300EssentialMovies_700X250.jpg using Guid(7e7ebfc9fedbab043985bf0c3ca5c163) Importer(815301076,1909f56bfc062723c751e8b465ee728b)  -> (artifact id: '070d2a050e7d6a3fa796e3e7666eef2e') in 0.027984 seconds 
========================================================================
Received Import Request.
  Time since last request: 8.407841 seconds.
  path: Assets/MyAssets/marvel.jpg
  artifactKey: Guid(7e7ebfc9fedbab043985bf0c3ca5c163) Importer(815301076,1909f56bfc062723c751e8b465ee728b)
Start importing Assets/MyAssets/marvel.jpg using Guid(7e7ebfc9fedbab043985bf0c3ca5c163) Importer(815301076,1909f56bfc062723c751e8b465ee728b)  -> (artifact id: 'ceed6997bf3e6b9ef9e86a7d7fe19ff1') in 0.028666 seconds 
========================================================================
Received Import Request.
  Time since last request: 430.877347 seconds.
  path: Assets/TextMesh Pro/Resources/Fonts & Materials/LiberationSans SDF - Drop Shadow.mat
  artifactKey: Guid(e73a58f6e2794ae7b1b7e50b7fb811b0) Importer(815301076,1909f56bfc062723c751e8b465ee728b)
Start importing Assets/TextMesh Pro/Resources/Fonts & Materials/LiberationSans SDF - Drop Shadow.mat using Guid(e73a58f6e2794ae7b1b7e50b7fb811b0) Importer(815301076,1909f56bfc062723c751e8b465ee728b)  -> (artifact id: '033d2353f249d5919bce58f1d8eef574') in 0.155877 seconds 
========================================================================
Received Import Request.
  Time since last request: 0.000366 seconds.
  path: Assets/TextMesh Pro/Resources/Fonts & Materials/LiberationSans SDF - Outline.mat
  artifactKey: Guid(79459efec17a4d00a321bdcc27bbc385) Importer(815301076,1909f56bfc062723c751e8b465ee728b)
Start importing Assets/TextMesh Pro/Resources/Fonts & Materials/LiberationSans SDF - Outline.mat using Guid(79459efec17a4d00a321bdcc27bbc385) Importer(815301076,1909f56bfc062723c751e8b465ee728b)  -> (artifact id: 'eb5fff6e031271fc8109f5da7f2819dc') in 0.102967 seconds 
========================================================================
Received Import Request.
  Time since last request: 0.000354 seconds.
  path: Assets/TextMesh Pro/Resources/Fonts & Materials/LiberationSans SDF.asset
  artifactKey: Guid(8f586378b4e144a9851e7b34d9b748ee) Importer(815301076,1909f56bfc062723c751e8b465ee728b)
Start importing Assets/TextMesh Pro/Resources/Fonts & Materials/LiberationSans SDF.asset using Guid(8f586378b4e144a9851e7b34d9b748ee) Importer(815301076,1909f56bfc062723c751e8b465ee728b)  -> (artifact id: '7f72e4bfe24c2fa345f72b9a35923ec6') in 0.055963 seconds 
========================================================================
Received Import Request.
  Time since last request: 1.652689 seconds.
  path: Assets/Mod Assets/Mod Resources/Fonts/Bangers-Regular SDF.asset
  artifactKey: Guid(0e141b3397d234c8685509c5d77ebcf1) Importer(815301076,1909f56bfc062723c751e8b465ee728b)
Start importing Assets/Mod Assets/Mod Resources/Fonts/Bangers-Regular SDF.asset using Guid(0e141b3397d234c8685509c5d77ebcf1) Importer(815301076,1909f56bfc062723c751e8b465ee728b)  -> (artifact id: '5e2278fe9889836ef89c66191fedfa52') in 0.044694 seconds 
========================================================================
Received Import Request.
  Time since last request: 0.000342 seconds.
  path: Assets/Mod Assets/Mod Resources/Fonts/CormorantUnicase-Regular SDF.asset
  artifactKey: Guid(ba62bccd3bc0142bc9a0bc1addeaadce) Importer(815301076,1909f56bfc062723c751e8b465ee728b)
Start importing Assets/Mod Assets/Mod Resources/Fonts/CormorantUnicase-Regular SDF.asset using Guid(ba62bccd3bc0142bc9a0bc1addeaadce) Importer(815301076,1909f56bfc062723c751e8b465ee728b)  -> (artifact id: '641a43499e94669936d98f0bedb2d56f') in 0.030465 seconds 
========================================================================
Received Import Request.
  Time since last request: 0.000423 seconds.
  path: Assets/Mod Assets/Mod Resources/Fonts/Merriweather-Regular SDF.asset
  artifactKey: Guid(ea4179ba609564f33b822e1be581b321) Importer(815301076,1909f56bfc062723c751e8b465ee728b)
Start importing Assets/Mod Assets/Mod Resources/Fonts/Merriweather-Regular SDF.asset using Guid(ea4179ba609564f33b822e1be581b321) Importer(815301076,1909f56bfc062723c751e8b465ee728b)  -> (artifact id: '7d5c5027aa24a010cf99b7e6b8eea3be') in 0.030271 seconds 
========================================================================
Received Import Request.
  Time since last request: 0.000371 seconds.
  path: Assets/Mod Assets/Mod Resources/Fonts/Raleway-Regular SDF.asset
  artifactKey: Guid(2abf75d6e0d8a4aa6910fae6ee5d638b) Importer(815301076,1909f56bfc062723c751e8b465ee728b)
Start importing Assets/Mod Assets/Mod Resources/Fonts/Raleway-Regular SDF.asset using Guid(2abf75d6e0d8a4aa6910fae6ee5d638b) Importer(815301076,1909f56bfc062723c751e8b465ee728b)  -> (artifact id: '5f35865090f4a8a5846211c5a25401e9') in 0.030217 seconds 
========================================================================
Received Import Request.
  Time since last request: 0.000358 seconds.
  path: Assets/Mod Assets/Mod Resources/Fonts/ZCOOLKuaiLe-Regular SDF.asset
  artifactKey: Guid(8ebfeea7062344f0c96b8a1d614a92b1) Importer(815301076,1909f56bfc062723c751e8b465ee728b)
Start importing Assets/Mod Assets/Mod Resources/Fonts/ZCOOLKuaiLe-Regular SDF.asset using Guid(8ebfeea7062344f0c96b8a1d614a92b1) Importer(815301076,1909f56bfc062723c751e8b465ee728b)  -> (artifact id: 'ff205c9a5f51a218e1fb389941a583bf') in 0.028512 seconds 
========================================================================
Received Import Request.
  Time since last request: 0.000326 seconds.
  path: Assets/Mod Assets/Mod Resources/Fonts/PressStart2P-Regular SDF.asset
  artifactKey: Guid(88003508be39e449cb51c48494e680cf) Importer(815301076,1909f56bfc062723c751e8b465ee728b)
Start importing Assets/Mod Assets/Mod Resources/Fonts/PressStart2P-Regular SDF.asset using Guid(88003508be39e449cb51c48494e680cf) Importer(815301076,1909f56bfc062723c751e8b465ee728b)  -> (artifact id: '32b0b082262c5a3866fd6ca9d1a0a0cd') in 0.028451 seconds 
========================================================================
Received Import Request.
  Time since last request: 0.000330 seconds.
  path: Assets/Mod Assets/Mod Resources/Fonts/Orbitron-Regular SDF.asset
  artifactKey: Guid(d393f12bd75574ef991a7a2c74b29c69) Importer(815301076,1909f56bfc062723c751e8b465ee728b)
Start importing Assets/Mod Assets/Mod Resources/Fonts/Orbitron-Regular SDF.asset using Guid(d393f12bd75574ef991a7a2c74b29c69) Importer(815301076,1909f56bfc062723c751e8b465ee728b)  -> (artifact id: 'a3d1ce043c064eeb89039c21c5f22fc9') in 0.028479 seconds 
========================================================================
Received Import Request.
  Time since last request: 0.000350 seconds.
  path: Assets/Mod Assets/Mod Resources/Fonts/BioRhymeExpanded-Regular SDF.asset
  artifactKey: Guid(2d0aaede2506c4ca0969c32576224028) Importer(815301076,1909f56bfc062723c751e8b465ee728b)
Start importing Assets/Mod Assets/Mod Resources/Fonts/BioRhymeExpanded-Regular SDF.asset using Guid(2d0aaede2506c4ca0969c32576224028) Importer(815301076,1909f56bfc062723c751e8b465ee728b)  -> (artifact id: '476ff99c94b6eb1f6ce4afcf00a2442c') in 0.029237 seconds 
========================================================================
Received Import Request.
  Time since last request: 0.000425 seconds.
  path: Assets/Mod Assets/Mod Resources/Fonts/DancingScript-Regular SDF.asset
  artifactKey: Guid(7b50419dd5d254755b7929b05d413472) Importer(815301076,1909f56bfc062723c751e8b465ee728b)
Start importing Assets/Mod Assets/Mod Resources/Fonts/DancingScript-Regular SDF.asset using Guid(7b50419dd5d254755b7929b05d413472) Importer(815301076,1909f56bfc062723c751e8b465ee728b)  -> (artifact id: 'be2bd594662189eaaa27c820e025e4a7') in 0.029258 seconds 
========================================================================
Received Import Request.
  Time since last request: 0.000336 seconds.
  path: Assets/Mod Assets/Mod Resources/Fonts/IndieFlower SDF.asset
  artifactKey: Guid(2a0d250d860e74880b33abdcb4a9da2a) Importer(815301076,1909f56bfc062723c751e8b465ee728b)
Start importing Assets/Mod Assets/Mod Resources/Fonts/IndieFlower SDF.asset using Guid(2a0d250d860e74880b33abdcb4a9da2a) Importer(815301076,1909f56bfc062723c751e8b465ee728b)  -> (artifact id: 'a45116627f9f9b9a881fd315471df9c6') in 0.033385 seconds 
========================================================================
Received Prepare
Registering precompiled user dll's ...
Registered in 0.009841 seconds.
Begin MonoManager ReloadAssembly
Symbol file LoadedFromMemory doesn't match image C:\Users\Admin\Desktop\Projects\Unity\Andres_Suarez_SIdeScrollerProject\2d SideScroller\Library\PackageCache\com.unity.visualscripting@1.6.1\Editor\VisualScripting.Core\Dependencies\YamlDotNet\Unity.VisualScripting.YamlDotNet.dll
Symbol file LoadedFromMemory doesn't match image C:\Users\Admin\Desktop\Projects\Unity\Andres_Suarez_SIdeScrollerProject\2d SideScroller\Library\PackageCache\com.unity.visualscripting@1.6.1\Editor\VisualScripting.Core\Dependencies\DotNetZip\Unity.VisualScripting.IonicZip.dll
Native extension for WindowsStandalone target not found
Refreshing native plugins compatible for Editor in 1.30 ms, found 4 plugins.
Preloading 0 native plugins for Editor in 0.00 ms.
Mono: successfully reloaded assembly
- Completed reload, in  2.076 seconds
Domain Reload Profiling:
	ReloadAssembly (2077ms)
		BeginReloadAssembly (172ms)
			ExecutionOrderSort (0ms)
			DisableScriptedObjects (10ms)
			BackupInstance (0ms)
			ReleaseScriptingObjects (0ms)
			CreateAndSetChildDomain (61ms)
		EndReloadAssembly (1816ms)
			LoadAssemblies (141ms)
			RebuildTransferFunctionScriptingTraits (0ms)
			SetupTypeCache (520ms)
			ReleaseScriptCaches (2ms)
			RebuildScriptCaches (66ms)
			SetupLoadedEditorAssemblies (833ms)
				LogAssemblyErrors (0ms)
				InitializePlatformSupportModulesInManaged (7ms)
				SetLoadedEditorAssemblies (1ms)
				RefreshPlugins (1ms)
				BeforeProcessingInitializeOnLoad (102ms)
				ProcessInitializeOnLoadAttributes (702ms)
				ProcessInitializeOnLoadMethodAttributes (12ms)
				AfterProcessingInitializeOnLoad (8ms)
				EditorAssembliesLoaded (0ms)
			ExecutionOrderSort2 (0ms)
			AwakeInstancesAfterBackupRestoration (32ms)
Platform modules already initialized, skipping
Refreshing native plugins compatible for Editor in 1.16 ms, found 4 plugins.
Preloading 0 native plugins for Editor in 0.00 ms.
Unloading 4286 Unused Serialized files (Serialized files now loaded: 0)
System memory in use before: 214.0 MB.
System memory in use after: 214.3 MB.

Unloading 162 unused Assets to reduce memory usage. Loaded Objects now: 5566.
Total: 6.184600 ms (FindLiveObjects: 0.596700 ms CreateObjectMapping: 0.195000 ms MarkObjects: 4.867300 ms  DeleteObjects: 0.524000 ms)

AssetImportParameters requested are different than current active one (requested -> active):
  custom:framework-win-MediaFoundation: 216162199b28c13a410421893ffa2e32 -> 
  custom:video-decoder-ogg-theora: a1e56fd34408186e4bbccfd4996cb3dc -> 
  custom:container-muxer-webm: aa71ff27fc2769a1b78a27578f13a17b -> 
  custom:container-demuxer-webm: 4f35f7cbe854078d1ac9338744f61a02 -> 
  custom:container-demuxer-ogg: 62fdf1f143b41e24485cea50d1cbac27 -> 
  custom:video-encoder-webm-vp8: eb34c28f22e8b96e1ab97ce403110664 -> 
  custom:video-decoder-webm-vp8: 9c59270c3fd7afecdb556c50c9e8de78 -> 
  custom:audio-decoder-ogg-vorbis: bf7c407c2cedff20999df2af8eb42d56 -> 
  custom:audio-encoder-webm-vorbis: bf7c407c2cedff20999df2af8eb42d56 -> 
AssetImportWorkerClient::OnTransportError - code=2 error=End of file
